<html>
<body>
<pre>
<h1>µVision Build Log</h1>
<h2>Project:</h2>
C:\Users\Specchio\Dropbox\Darpan_T3Modules\T3-Modules\USER\test.uvproj
Project File Date:  03/18/2016

<h2>Output:</h2>
Rebuild target 'STM32F103'
compiling main.c...
compiling stm32f10x_it.c...
compiling system_stm32f10x.c...
compiling modbus_temco.c...
compiling misc.c...
compiling stm32f10x_adc.c...
compiling stm32f10x_crc.c...
compiling stm32f10x_dac.c...
compiling stm32f10x_dma.c...
compiling stm32f10x_exti.c...
compiling stm32f10x_flash.c...
compiling stm32f10x_gpio.c...
compiling stm32f10x_iwdg.c...
compiling stm32f10x_rcc.c...
compiling stm32f10x_rtc.c...
compiling stm32f10x_sdio.c...
compiling stm32f10x_spi.c...
compiling stm32f10x_tim.c...
compiling stm32f10x_usart.c...
compiling stm32f10x_wwdg.c...
compiling stm32f10x_bkp.c...
compiling stm32f10x_pwr.c...
assembling cortexm3_macro_rvds.s...
compiling core_cm3.c...
assembling startup_stm32f10x_hd.s...
compiling led.c...
..\HARDWARE\LED\led.c(39): warning:  #177-D: variable "oneswitch_buf" was declared but never referenced
    uint8_t oneswitch_buf ;
..\HARDWARE\LED\led.c: 1 warning, 0 errors
compiling myiic.c...
compiling 24cxx.c...
compiling spi.c...
compiling flash.c...
compiling stmflash.c...
compiling dma.c...
compiling timerx.c...
compiling enc28j60.c...
compiling LCD.c...
compiling MMC_SD.C...
compiling rtc.c...
compiling inputs.c...
..\RANGE\RANGE.H(49): warning:  #1-D: last line of file ends without a newline
  #endif
inputs.c(590): warning:  #1-D: last line of file ends without a newline
   
inputs.c: 2 warnings, 0 errors
compiling output.c...
compiling key.c...
compiling tasks.c...
compiling list.c...
compiling queue.c...
compiling port.c...
compiling heap_2.c...
compiling usart.c...
compiling delay.c...
compiling diskio.c...
compiling ff.c...
compiling psock.c...
compiling timer.c...
compiling uip.c...
compiling uip_arp.c...
compiling uip-fw.c...
compiling uiplib.c...
compiling uip-neighbor.c...
compiling uip-split.c...
compiling clock-arch.c...
compiling tapdev.c...
compiling tcp_client_demo.c...
compiling tcp_demo.c...
compiling tcp_server_demo.c...
compiling udp_demo.c...
..\uIP-APP\udp_scan.h(13): warning:  #231-D: declaration is not visible outside of function
  void dhcpc_configured(const struct dhcpc_state *s);
..\uIP-APP\udp_demo.c(15): warning:  #177-D: variable "conn" was declared but never referenced
        struct uip_udp_conn *conn;
..\uIP-APP\udp_demo.c(16): warning:  #177-D: variable "addr" was declared but never referenced
        uip_ipaddr_t addr;
..\uIP-APP\udp_demo.c: 3 warnings, 0 errors
compiling dhcpc.c...
..\uIP-1.0\apps\dhcpc\dhcpc.c(365): warning:  #111-D: statement is unreachable
                        break ;
..\uIP-1.0\apps\dhcpc\dhcpc.c(400): warning:  #111-D: statement is unreachable
                        break ;
..\uIP-1.0\apps\dhcpc\dhcpc.c(327): warning:  #177-D: variable "ipaddr" was declared but never referenced
        uip_ipaddr_t ipaddr;
..\uIP-1.0\apps\dhcpc\dhcpc.c: 3 warnings, 0 errors
compiling resolv.c...
compiling http-strings.c...
compiling httpd.c...
compiling httpd-cgi.c...
compiling httpd-fs.c...
compiling modbus.c...
compiling crc.c...
compiling filter.c...
compiling bacdcode.c...
compiling bacreal.c...
compiling bacint.c...
compiling mstptext.c...
compiling bacaddr.c...
compiling bacprop.c...
compiling bacpropstates.c...
compiling datalink.c...
..\BACNET\src\datalink.c(72): error:  #136: struct "<unnamed>" has no field "com_config"
        if(modbus.com_config[0] == BAC_MSTP)
..\BACNET\src\datalink.c: 0 warnings, 1 error
compiling datetime.c...
compiling dcc.c...
compiling indtext.c...
compiling bacerror.c...
compiling h_npdu.c...
compiling ao.c...
..\BACNET\object\ao.c(152): error:  #20: identifier "MAX_AO" is undefined
        return MAX_AO ;
..\BACNET\object\ao.c(64): warning:  #177-D: variable "Analog_Output_Initialized" was declared but never referenced
  static bool Analog_Output_Initialized = false;
..\BACNET\object\ao.c: 1 warning, 1 error
compiling bi.c...
compiling bo.c...
..\BACNET\object\bo.c(147): warning:  #940-D: missing return statement at end of non-void function "Binary_Output_Count"
  }
..\BACNET\object\bo.c: 1 warning, 0 errors
compiling txbuf.c...
compiling dlmstp.c...
..\BACNET\dlmstp.c(294): error:  #136: struct "<unnamed>" has no field "com_config"
        if(modbus.com_config[0] == BAC_MSTP)
..\BACNET\dlmstp.c: 0 warnings, 1 error
compiling rs485.c...
..\BACNET\rs485.c(159): error:  #136: struct "<unnamed>" has no field "com_config"
        if(modbus.com_config[0] == BAC_MSTP)
..\BACNET\rs485.c(197): error:  #136: struct "<unnamed>" has no field "com_config"
        if(modbus.com_config[0] == BAC_MSTP)
..\BACNET\rs485.c: 0 warnings, 2 errors
compiling bacnettimer.c...
compiling s_iam.c...
compiling s_whois.c...
compiling h_iam.c...
compiling abort.c...
compiling rp.c...
..\BACNET\src\rp.c(151): warning:  #223-D: function "printf" declared implicitly
                printf("len:%u\r\n",(uint16_t)len);
..\BACNET\src\rp.c: 1 warning, 0 errors
compiling noserv.c...
compiling reject.c...
compiling fifo.c...
compiling s_upt.c...
compiling bvlc.c...
compiling bacapp.c...
compiling av.c...
compiling bv.c...
compiling ai.c...
compiling h_wp.c...
..\BACNET\h_wp.c(66): warning:  #177-D: variable "bytes_sent" was declared but never referenced
      int bytes_sent = 0;
..\BACNET\h_wp.c: 1 warning, 0 errors
compiling npdu.c...
compiling iam.c...
compiling whois.c...
compiling apdu.c...
..\BACNET\src\apdu.c(132): warning:  #550-D: variable "Unrecognized_Service_Handler" was set but never used
  static confirmed_function far Unrecognized_Service_Handler;
..\BACNET\src\apdu.c(307): warning:  #550-D: variable "Error_Function" was set but never used
  static error_function Error_Function[MAX_BACNET_CONFIRMED_SERVICE];
..\BACNET\src\apdu.c(317): warning:  #550-D: variable "Abort_Function" was set but never used
  static abort_function Abort_Function;
..\BACNET\src\apdu.c(325): warning:  #550-D: variable "Reject_Function" was set but never used
  static reject_function Reject_Function;
..\BACNET\src\apdu.c(393): warning:  #177-D: function "apdu_confirmed_dcc_disabled" was declared but never referenced
  static bool apdu_confirmed_dcc_disabled(
..\BACNET\src\apdu.c(419): warning:  #177-D: function "apdu_unconfirmed_dcc_disabled" was declared but never referenced
  static bool apdu_unconfirmed_dcc_disabled(
..\BACNET\src\apdu.c: 6 warnings, 0 errors
compiling wp.c...
compiling h_rp.c...
..\BACNET\h_rp.c(162): warning:  #550-D: variable "bytes_sent" was set but never used
      int bytes_sent = 0;
..\BACNET\h_rp.c: 1 warning, 0 errors
compiling bacstr.c...
compiling h_whois.c...
compiling bacnetcrc.c...
compiling bip.c...
..\BACNET\src\bip.c(404): warning:  #550-D: variable "max" was set but never used
      int max = 0;
..\BACNET\src\bip.c(95): warning:  #177-D: variable "bip_InterAppId" was declared but never referenced
  static U8_T  bip_InterAppId;
..\BACNET\src\bip.c(98): warning:  #177-D: function "bip_NewConn" was declared but never referenced
  static U8_T bip_NewConn(U32_T XDATA* pip, U16_T remotePort, U8_T socket)
..\BACNET\src\bip.c: 3 warnings, 0 errors
compiling device.c...
compiling ptransfer.c...
..\BACNET\user_data.h(142): warning:  #1-D: last line of file ends without a newline
                          
..\BACNET\src\ptransfer.c(162): warning:  #186-D: pointless comparison of unsigned integer with zero
                        if(transfer_len >= 0)
..\BACNET\src\ptransfer.c(80): warning:  #177-D: variable "rec_data_value" was declared but never referenced
      BACNET_APPLICATION_DATA_VALUE rec_data_value ;
..\BACNET\src\ptransfer.c(88): warning:  #550-D: variable "len" was set but never used
    int len ;
..\BACNET\src\ptransfer.c(90): warning:  #177-D: variable "property_len" was declared but never referenced
    int property_len;
..\BACNET\src\ptransfer.c(92): warning:  #177-D: variable "bytes_sent" was declared but never referenced
    int bytes_sent ;
..\BACNET\src\ptransfer.c: 6 warnings, 0 errors
compiling user_data.c...
..\BACNET\user_data.h(142): warning:  #1-D: last line of file ends without a newline
                          
..\BACNET\user_data.c(283): warning:  #177-D: variable "j" was declared but never referenced
        uint16_t i,j;
..\BACNET\user_data.c(679): warning:  #188-D: enumerated type mixed with another type
                                        BO_Present_Value[i][priority] = outputs[i].control;
..\BACNET\user_data.c: 3 warnings, 0 errors
compiling vmalloc.c...
"..\OBJ\test.axf" - 5 Error(s), 32 Warning(s).
Target not created
compiling modbus.c...
"..\MODBUS\modbus.c" - 0 Error(s), 0 Warning(s).
</pre>
</body>
</html>
